Using pre-set license
Built from '2021.3/staging' branch; Version is '2021.3.19f1 (c9714fde33b6) revision 13201743'; Using compiler version '192829333'; Build Type 'Release'
OS: 'Windows 11  (10.0.22000) 64bit Core' Language: 'ko' Physical Memory: 16139 MB
BatchMode: 1, IsHumanControllingUs: 0, StartBugReporterOnCrash: 0, Is64bit: 1, IsPro: 1

COMMAND LINE ARGUMENTS:
C:\Program Files\Unity\Hub\Editor\2021.3.19f1\Editor\Unity.exe
-adb2
-batchMode
-noUpm
-name
AssetImportWorker0
-projectPath
C:/Users/shingu-103/shingu019-2/shingu019-2
-logFile
Logs/AssetImportWorker0.log
-srvPort
50081
Successfully changed project path to: C:/Users/shingu-103/shingu019-2/shingu019-2
C:/Users/shingu-103/shingu019-2/shingu019-2
[UnityMemory] Configuration Parameters - Can be set up in boot.config
    "memorysetup-bucket-allocator-granularity=16"
    "memorysetup-bucket-allocator-bucket-count=8"
    "memorysetup-bucket-allocator-block-size=33554432"
    "memorysetup-bucket-allocator-block-count=8"
    "memorysetup-main-allocator-block-size=16777216"
    "memorysetup-thread-allocator-block-size=16777216"
    "memorysetup-gfx-main-allocator-block-size=16777216"
    "memorysetup-gfx-thread-allocator-block-size=16777216"
    "memorysetup-cache-allocator-block-size=4194304"
    "memorysetup-typetree-allocator-block-size=2097152"
    "memorysetup-profiler-bucket-allocator-granularity=16"
    "memorysetup-profiler-bucket-allocator-bucket-count=8"
    "memorysetup-profiler-bucket-allocator-block-size=33554432"
    "memorysetup-profiler-bucket-allocator-block-count=8"
    "memorysetup-profiler-allocator-block-size=16777216"
    "memorysetup-profiler-editor-allocator-block-size=1048576"
    "memorysetup-temp-allocator-size-main=16777216"
    "memorysetup-job-temp-allocator-block-size=2097152"
    "memorysetup-job-temp-allocator-block-size-background=1048576"
    "memorysetup-job-temp-allocator-reduction-small-platforms=262144"
    "memorysetup-temp-allocator-size-background-worker=32768"
    "memorysetup-temp-allocator-size-job-worker=262144"
    "memorysetup-temp-allocator-size-preload-manager=33554432"
    "memorysetup-temp-allocator-size-nav-mesh-worker=65536"
    "memorysetup-temp-allocator-size-audio-worker=65536"
    "memorysetup-temp-allocator-size-cloud-worker=32768"
    "memorysetup-temp-allocator-size-gi-baking-worker=262144"
    "memorysetup-temp-allocator-size-gfx=262144"
Player connection [9484] Host "[IP] 192.168.15.36 [Port] 0 [Flags] 2 [Guid] 3892769146 [EditorId] 3892769146 [Version] 1048832 [Id] WindowsEditor(7,103-18) [Debug] 1 [PackageName] WindowsEditor [ProjectName] Editor" joined multi-casting on [225.0.0.222:54997]...

Player connection [9484] Host "[IP] 192.168.15.36 [Port] 0 [Flags] 2 [Guid] 3892769146 [EditorId] 3892769146 [Version] 1048832 [Id] WindowsEditor(7,103-18) [Debug] 1 [PackageName] WindowsEditor [ProjectName] Editor" joined alternative multi-casting on [225.0.0.222:34997]...

Refreshing native plugins compatible for Editor in 47.87 ms, found 3 plugins.
Preloading 0 native plugins for Editor in 0.00 ms.
Initialize engine version: 2021.3.19f1 (c9714fde33b6)
[Subsystems] Discovering subsystems at path C:/Program Files/Unity/Hub/Editor/2021.3.19f1/Editor/Data/Resources/UnitySubsystems
[Subsystems] Discovering subsystems at path C:/Users/shingu-103/shingu019-2/shingu019-2/Assets
GfxDevice: creating device client; threaded=0; jobified=0
Direct3D:
    Version:  Direct3D 11.0 [level 11.1]
    Renderer: NVIDIA GeForce RTX 3060 Ti (ID=0x2489)
    Vendor:   NVIDIA
    VRAM:     8038 MB
    Driver:   31.0.15.2656
Initialize mono
Mono path[0] = 'C:/Program Files/Unity/Hub/Editor/2021.3.19f1/Editor/Data/Managed'
Mono path[1] = 'C:/Program Files/Unity/Hub/Editor/2021.3.19f1/Editor/Data/MonoBleedingEdge/lib/mono/unityjit-win32'
Mono config path = 'C:/Program Files/Unity/Hub/Editor/2021.3.19f1/Editor/Data/MonoBleedingEdge/etc'
Using monoOptions --debugger-agent=transport=dt_socket,embedding=1,server=y,suspend=n,address=127.0.0.1:56048
Begin MonoManager ReloadAssembly
Registering precompiled unity dll's ...
Register platform support module: C:/Program Files/Unity/Hub/Editor/2021.3.19f1/Editor/Data/PlaybackEngines/AndroidPlayer/UnityEditor.Android.Extensions.dll
Register platform support module: C:/Program Files/Unity/Hub/Editor/2021.3.19f1/Editor/Data/PlaybackEngines/WindowsStandaloneSupport/UnityEditor.WindowsStandalone.Extensions.dll
Registered in 0.023476 seconds.
Native extension for WindowsStandalone target not found
Native extension for Android target not found
Android Extension - Scanning For ADB Devices 2966 ms
Refreshing native plugins compatible for Editor in 42.88 ms, found 3 plugins.
Preloading 0 native plugins for Editor in 0.00 ms.
Mono: successfully reloaded assembly
- Completed reload, in  3.467 seconds
Domain Reload Profiling:
	ReloadAssembly (3467ms)
		BeginReloadAssembly (90ms)
			ExecutionOrderSort (0ms)
			DisableScriptedObjects (0ms)
			BackupInstance (0ms)
			ReleaseScriptingObjects (0ms)
			CreateAndSetChildDomain (1ms)
		EndReloadAssembly (3268ms)
			LoadAssemblies (86ms)
			RebuildTransferFunctionScriptingTraits (0ms)
			SetupTypeCache (76ms)
			ReleaseScriptCaches (0ms)
			RebuildScriptCaches (16ms)
			SetupLoadedEditorAssemblies (3135ms)
				LogAssemblyErrors (0ms)
				InitializePlatformSupportModulesInManaged (3013ms)
				SetLoadedEditorAssemblies (0ms)
				RefreshPlugins (43ms)
				BeforeProcessingInitializeOnLoad (1ms)
				ProcessInitializeOnLoadAttributes (51ms)
				ProcessInitializeOnLoadMethodAttributes (28ms)
				AfterProcessingInitializeOnLoad (0ms)
				EditorAssembliesLoaded (0ms)
			ExecutionOrderSort2 (0ms)
			AwakeInstancesAfterBackupRestoration (0ms)
Platform modules already initialized, skipping
Registering precompiled user dll's ...
Registered in 0.009804 seconds.
Begin MonoManager ReloadAssembly
Symbol file LoadedFromMemory doesn't match image C:\Users\shingu-103\shingu019-2\shingu019-2\Library\PackageCache\com.unity.visualscripting@1.8.0\Editor\VisualScripting.Core\Dependencies\YamlDotNet\Unity.VisualScripting.YamlDotNet.dll
Symbol file LoadedFromMemory doesn't match image C:\Users\shingu-103\shingu019-2\shingu019-2\Library\PackageCache\com.unity.visualscripting@1.8.0\Editor\VisualScripting.Core\Dependencies\DotNetZip\Unity.VisualScripting.IonicZip.dll
Native extension for WindowsStandalone target not found
Native extension for Android target not found
Refreshing native plugins compatible for Editor in 0.38 ms, found 3 plugins.
Preloading 0 native plugins for Editor in 0.00 ms.
Mono: successfully reloaded assembly
- Completed reload, in  0.742 seconds
Domain Reload Profiling:
	ReloadAssembly (742ms)
		BeginReloadAssembly (98ms)
			ExecutionOrderSort (0ms)
			DisableScriptedObjects (3ms)
			BackupInstance (0ms)
			ReleaseScriptingObjects (0ms)
			CreateAndSetChildDomain (12ms)
		EndReloadAssembly (553ms)
			LoadAssemblies (91ms)
			RebuildTransferFunctionScriptingTraits (0ms)
			SetupTypeCache (166ms)
			ReleaseScriptCaches (0ms)
			RebuildScriptCaches (28ms)
			SetupLoadedEditorAssemblies (256ms)
				LogAssemblyErrors (0ms)
				InitializePlatformSupportModulesInManaged (18ms)
				SetLoadedEditorAssemblies (0ms)
				RefreshPlugins (0ms)
				BeforeProcessingInitializeOnLoad (74ms)
				ProcessInitializeOnLoadAttributes (136ms)
				ProcessInitializeOnLoadMethodAttributes (11ms)
				AfterProcessingInitializeOnLoad (15ms)
				EditorAssembliesLoaded (0ms)
			ExecutionOrderSort2 (0ms)
			AwakeInstancesAfterBackupRestoration (6ms)
Platform modules already initialized, skipping
========================================================================
Worker process is ready to serve import requests
Launched and connected shader compiler UnityShaderCompiler.exe after 0.03 seconds
Refreshing native plugins compatible for Editor in 0.31 ms, found 3 plugins.
Preloading 0 native plugins for Editor in 0.00 ms.
Unloading 3068 Unused Serialized files (Serialized files now loaded: 0)
Unloading 29 unused Assets / (113.4 KB). Loaded Objects now: 3525.
Memory consumption went from 108.2 MB to 108.1 MB.
Total: 1.943800 ms (FindLiveObjects: 0.129900 ms CreateObjectMapping: 0.057400 ms MarkObjects: 1.695200 ms  DeleteObjects: 0.060800 ms)

AssetImportParameters requested are different than current active one (requested -> active):
  custom:video-decoder-ogg-theora: a1e56fd34408186e4bbccfd4996cb3dc -> 
  custom:container-muxer-webm: aa71ff27fc2769a1b78a27578f13a17b -> 
  custom:container-demuxer-webm: 4f35f7cbe854078d1ac9338744f61a02 -> 
  custom:video-encoder-webm-vp8: eb34c28f22e8b96e1ab97ce403110664 -> 
  custom:audio-encoder-webm-vorbis: bf7c407c2cedff20999df2af8eb42d56 -> 
  custom:framework-win-MediaFoundation: 216162199b28c13a410421893ffa2e32 -> 
  custom:container-demuxer-ogg: 62fdf1f143b41e24485cea50d1cbac27 -> 
  custom:video-decoder-webm-vp8: 9c59270c3fd7afecdb556c50c9e8de78 -> 
  custom:audio-decoder-ogg-vorbis: bf7c407c2cedff20999df2af8eb42d56 -> 
========================================================================
Received Import Request.
  Time since last request: 454.594211 seconds.
  path: Assets/Scripts/TowerSystem/Tower.cs
  artifactKey: Guid(de686db679b54044486d580d7a6cf03b) Importer(815301076,1909f56bfc062723c751e8b465ee728b)
Start importing Assets/Scripts/TowerSystem/Tower.cs using Guid(de686db679b54044486d580d7a6cf03b) Importer(815301076,1909f56bfc062723c751e8b465ee728b)  -> (artifact id: '4a3219f03af22838c784c4d910c42711') in 0.019621 seconds 
========================================================================
Received Import Request.
  Time since last request: 224.749395 seconds.
  path: Assets/Scripts/TowerSystem/Tower.cs
  artifactKey: Guid(de686db679b54044486d580d7a6cf03b) Importer(815301076,1909f56bfc062723c751e8b465ee728b)
Start importing Assets/Scripts/TowerSystem/Tower.cs using Guid(de686db679b54044486d580d7a6cf03b) Importer(815301076,1909f56bfc062723c751e8b465ee728b)  -> (artifact id: '96d9840a291173af21c4478540cc2b2a') in 0.003107 seconds 
========================================================================
Received Import Request.
  Time since last request: 587.114773 seconds.
  path: Assets/Scripts/TowerSystem/Tower.cs
  artifactKey: Guid(de686db679b54044486d580d7a6cf03b) Importer(815301076,1909f56bfc062723c751e8b465ee728b)
Start importing Assets/Scripts/TowerSystem/Tower.cs using Guid(de686db679b54044486d580d7a6cf03b) Importer(815301076,1909f56bfc062723c751e8b465ee728b)  -> (artifact id: 'c71ebafa617f4743c1de4d1213cf84cd') in 0.003286 seconds 
========================================================================
Received Import Request.
  Time since last request: 1168.346963 seconds.
  path: Assets/Scripts/TowerSystem/Projectle.cs
  artifactKey: Guid(997219f8bb7987f4cae0c31ed70b39c9) Importer(815301076,1909f56bfc062723c751e8b465ee728b)
Start importing Assets/Scripts/TowerSystem/Projectle.cs using Guid(997219f8bb7987f4cae0c31ed70b39c9) Importer(815301076,1909f56bfc062723c751e8b465ee728b)  -> (artifact id: 'bec4f54226ff4aa32e50d64c8242498c') in 0.002844 seconds 
========================================================================
Received Import Request.
  Time since last request: 21.912240 seconds.
  path: Assets/Scripts/TowerSystem/Projectile.cs
  artifactKey: Guid(561c2f2b67f362c43b1452f553098668) Importer(815301076,1909f56bfc062723c751e8b465ee728b)
Start importing Assets/Scripts/TowerSystem/Projectile.cs using Guid(561c2f2b67f362c43b1452f553098668) Importer(815301076,1909f56bfc062723c751e8b465ee728b)  -> (artifact id: '9db3488d219f2d761743901475ec0ddb') in 0.002587 seconds 
========================================================================
Received Import Request.
  Time since last request: 321.817558 seconds.
  path: Assets/Scripts/TowerSystem/Projectile.cs
  artifactKey: Guid(561c2f2b67f362c43b1452f553098668) Importer(815301076,1909f56bfc062723c751e8b465ee728b)
Start importing Assets/Scripts/TowerSystem/Projectile.cs using Guid(561c2f2b67f362c43b1452f553098668) Importer(815301076,1909f56bfc062723c751e8b465ee728b)  -> (artifact id: '3474eb76383213bd2df1bd2d24b2e2c7') in 0.002329 seconds 
========================================================================
Received Import Request.
  Time since last request: 244.359749 seconds.
  path: Assets/Scripts/TowerSystem/ProjectileTower.cs
  artifactKey: Guid(5319baf1eb24056468b72b9951bc5ba6) Importer(815301076,1909f56bfc062723c751e8b465ee728b)
Start importing Assets/Scripts/TowerSystem/ProjectileTower.cs using Guid(5319baf1eb24056468b72b9951bc5ba6) Importer(815301076,1909f56bfc062723c751e8b465ee728b)  -> (artifact id: '44de1845c7e0758c869dc11888000416') in 0.002632 seconds 
========================================================================
Received Import Request.
  Time since last request: 129.380530 seconds.
  path: Assets/Scripts/TowerSystem/ProjectileTower.cs
  artifactKey: Guid(5319baf1eb24056468b72b9951bc5ba6) Importer(815301076,1909f56bfc062723c751e8b465ee728b)
Start importing Assets/Scripts/TowerSystem/ProjectileTower.cs using Guid(5319baf1eb24056468b72b9951bc5ba6) Importer(815301076,1909f56bfc062723c751e8b465ee728b)  -> (artifact id: '614fc807a5808c4647d79622e7619d6a') in 0.004845 seconds 
========================================================================
Received Import Request.
  Time since last request: 716.180072 seconds.
  path: Assets/Scripts/TowerSystem/ProjectileTower.cs
  artifactKey: Guid(5319baf1eb24056468b72b9951bc5ba6) Importer(815301076,1909f56bfc062723c751e8b465ee728b)
Start importing Assets/Scripts/TowerSystem/ProjectileTower.cs using Guid(5319baf1eb24056468b72b9951bc5ba6) Importer(815301076,1909f56bfc062723c751e8b465ee728b)  -> (artifact id: '39a0c341808e33f6d043540c54a7d245') in 0.003054 seconds 
